# JRE version: OpenJDK Runtime Environment (8.0_152-b01) (build 1.8.0_152-release-1343-b01)
# Java VM: OpenJDK 64-Bit Server VM (25.152-b01 mixed mode windows-amd64 compressed oops)
Heap:
 PSYoungGen      total 409600K, used 187183K [0x00000000e0000000, 0x00000000ff700000, 0x0000000100000000)
  eden space 315392K, 55% used [0x00000000e0000000,0x00000000eabe3c18,0x00000000f3400000)
  from space 94208K, 11% used [0x00000000f9b00000,0x00000000fa5e8040,0x00000000ff700000)
  to   space 99840K, 0% used [0x00000000f3400000,0x00000000f3400000,0x00000000f9580000)
 ParOldGen       total 211456K, used 182456K [0x00000000a0000000, 0x00000000ace80000, 0x00000000e0000000)
  object space 211456K, 86% used [0x00000000a0000000,0x00000000ab22e250,0x00000000ace80000)
 Metaspace       used 95201K, capacity 100950K, committed 101032K, reserved 1136640K
  class space    used 11968K, capacity 12927K, committed 12976K, reserved 1048576K
GC Heap History (10 events):
Event: 11789.679 GC heap before
{Heap before GC invocations=79 (full 5):
 PSYoungGen      total 338432K, used 331974K [0x00000000e0000000, 0x00000000fdc80000, 0x0000000100000000)
  eden space 243200K, 99% used [0x00000000e0000000,0x00000000eed6cd58,0x00000000eed80000)
  from space 95232K, 93% used [0x00000000eed80000,0x00000000f4444cc0,0x00000000f4a80000)
  to   space 109568K, 0% used [0x00000000f7180000,0x00000000f7180000,0x00000000fdc80000)
 ParOldGen       total 211456K, used 131777K [0x00000000a0000000, 0x00000000ace80000, 0x00000000e0000000)
  object space 211456K, 62% used [0x00000000a0000000,0x00000000a80b0788,0x00000000ace80000)
 Metaspace       used 93810K, capacity 99346K, committed 99496K, reserved 1136640K
  class space    used 11911K, capacity 12860K, committed 12976K, reserved 1048576K
Event: 11789.801 GC heap after
Heap after GC invocations=79 (full 5):
 PSYoungGen      total 378368K, used 56730K [0x00000000e0000000, 0x00000000fdf00000, 0x0000000100000000)
  eden space 268800K, 0% used [0x00000000e0000000,0x00000000e0000000,0x00000000f0680000)
  from space 109568K, 51% used [0x00000000f7180000,0x00000000fa8e69e0,0x00000000fdc80000)
  to   space 109568K, 0% used [0x00000000f0680000,0x00000000f0680000,0x00000000f7180000)
 ParOldGen       total 211456K, used 131777K [0x00000000a0000000, 0x00000000ace80000, 0x00000000e0000000)
  object space 211456K, 62% used [0x00000000a0000000,0x00000000a80b0788,0x00000000ace80000)
 Metaspace       used 93810K, capacity 99346K, committed 99496K, reserved 1136640K
  class space    used 11911K, capacity 12860K, committed 12976K, reserved 1048576K
}
Event: 11797.678 GC heap before
{Heap before GC invocations=80 (full 5):
 PSYoungGen      total 378368K, used 325530K [0x00000000e0000000, 0x00000000fdf00000, 0x0000000100000000)
  eden space 268800K, 100% used [0x00000000e0000000,0x00000000f0680000,0x00000000f0680000)
  from space 109568K, 51% used [0x00000000f7180000,0x00000000fa8e69e0,0x00000000fdc80000)
  to   space 109568K, 0% used [0x00000000f0680000,0x00000000f0680000,0x00000000f7180000)
 ParOldGen       total 211456K, used 131777K [0x00000000a0000000, 0x00000000ace80000, 0x00000000e0000000)
  object space 211456K, 62% used [0x00000000a0000000,0x00000000a80b0788,0x00000000ace80000)
 Metaspace       used 94715K, capacity 100294K, committed 100520K, reserved 1136640K
  class space    used 11942K, capacity 12877K, committed 12976K, reserved 1048576K
Event: 11797.882 GC heap after
Heap after GC invocations=80 (full 5):
 PSYoungGen      total 378368K, used 12411K [0x00000000e0000000, 0x00000000ff780000, 0x0000000100000000)
  eden space 268800K, 0% used [0x00000000e0000000,0x00000000e0000000,0x00000000f0680000)
  from space 109568K, 11% used [0x00000000f0680000,0x00000000f129ee98,0x00000000f7180000)
  to   space 107008K, 0% used [0x00000000f8f00000,0x00000000f8f00000,0x00000000ff780000)
 ParOldGen       total 211456K, used 174134K [0x00000000a0000000, 0x00000000ace80000, 0x00000000e0000000)
  object space 211456K, 82% used [0x00000000a0000000,0x00000000aaa0d990,0x00000000ace80000)
 Metaspace       used 94715K, capacity 100294K, committed 100520K, reserved 1136640K
  class space    used 11942K, capacity 12877K, committed 12976K, reserved 1048576K
}
Event: 11802.699 GC heap before
{Heap before GC invocations=81 (full 5):
 PSYoungGen      total 378368K, used 281211K [0x00000000e0000000, 0x00000000ff780000, 0x0000000100000000)
  eden space 268800K, 100% used [0x00000000e0000000,0x00000000f0680000,0x00000000f0680000)
  from space 109568K, 11% used [0x00000000f0680000,0x00000000f129ee98,0x00000000f7180000)
  to   space 107008K, 0% used [0x00000000f8f00000,0x00000000f8f00000,0x00000000ff780000)
 ParOldGen       total 211456K, used 174134K [0x00000000a0000000, 0x00000000ace80000, 0x00000000e0000000)
  object space 211456K, 82% used [0x00000000a0000000,0x00000000aaa0d990,0x00000000ace80000)
 Metaspace       used 94957K, capacity 100586K, committed 100776K, reserved 1136640K
  class space    used 11944K, capacity 12879K, committed 12976K, reserved 1048576K
Event: 11802.717 GC heap after
Heap after GC invocations=81 (full 5):
 PSYoungGen      total 399360K, used 8068K [0x00000000e0000000, 0x00000000ff180000, 0x0000000100000000)
  eden space 298496K, 0% used [0x00000000e0000000,0x00000000e0000000,0x00000000f2380000)
  from space 100864K, 7% used [0x00000000f8f00000,0x00000000f96e1118,0x00000000ff180000)
  to   space 105472K, 0% used [0x00000000f2380000,0x00000000f2380000,0x00000000f8a80000)
 ParOldGen       total 211456K, used 179503K [0x00000000a0000000, 0x00000000ace80000, 0x00000000e0000000)
  object space 211456K, 84% used [0x00000000a0000000,0x00000000aaf4bf50,0x00000000ace80000)
 Metaspace       used 94957K, capacity 100586K, committed 100776K, reserved 1136640K
  class space    used 11944K, capacity 12879K, committed 12976K, reserved 1048576K
}
Event: 11802.833 GC heap before
{Heap before GC invocations=82 (full 5):
 PSYoungGen      total 399360K, used 305851K [0x00000000e0000000, 0x00000000ff180000, 0x0000000100000000)
  eden space 298496K, 99% used [0x00000000e0000000,0x00000000f22cde98,0x00000000f2380000)
  from space 100864K, 7% used [0x00000000f8f00000,0x00000000f96e1118,0x00000000ff180000)
  to   space 105472K, 0% used [0x00000000f2380000,0x00000000f2380000,0x00000000f8a80000)
 ParOldGen       total 211456K, used 179503K [0x00000000a0000000, 0x00000000ace80000, 0x00000000e0000000)
  object space 211456K, 84% used [0x00000000a0000000,0x00000000aaf4bf50,0x00000000ace80000)
 Metaspace       used 94962K, capacity 100586K, committed 100776K, reserved 1136640K
  class space    used 11944K, capacity 12879K, committed 12976K, reserved 1048576K
Event: 11802.841 GC heap after
Heap after GC invocations=82 (full 5):
 PSYoungGen      total 403968K, used 4528K [0x00000000e0000000, 0x0000000100000000, 0x0000000100000000)
  eden space 298496K, 0% used [0x00000000e0000000,0x00000000e0000000,0x00000000f2380000)
  from space 105472K, 4% used [0x00000000f2380000,0x00000000f27ec248,0x00000000f8a80000)
  to   space 103424K, 0% used [0x00000000f9b00000,0x00000000f9b00000,0x0000000100000000)
 ParOldGen       total 211456K, used 181000K [0x00000000a0000000, 0x00000000ace80000, 0x00000000e0000000)
  object space 211456K, 85% used [0x00000000a0000000,0x00000000ab0c2180,0x00000000ace80000)
 Metaspace       used 94962K, capacity 100586K, committed 100776K, reserved 1136640K
  class space    used 11944K, capacity 12879K, committed 12976K, reserved 1048576K
}
Event: 12265.195 GC heap before
{Heap before GC invocations=83 (full 5):
 PSYoungGen      total 403968K, used 303024K [0x00000000e0000000, 0x0000000100000000, 0x0000000100000000)
  eden space 298496K, 100% used [0x00000000e0000000,0x00000000f2380000,0x00000000f2380000)
  from space 105472K, 4% used [0x00000000f2380000,0x00000000f27ec248,0x00000000f8a80000)
  to   space 103424K, 0% used [0x00000000f9b00000,0x00000000f9b00000,0x0000000100000000)
 ParOldGen       total 211456K, used 181000K [0x00000000a0000000, 0x00000000ace80000, 0x00000000e0000000)
  object space 211456K, 85% used [0x00000000a0000000,0x00000000ab0c2180,0x00000000ace80000)
 Metaspace       used 95003K, capacity 100654K, committed 100776K, reserved 1136640K
  class space    used 11944K, capacity 12879K, committed 12976K, reserved 1048576K
Event: 12275.398 GC heap after
Heap after GC invocations=83 (full 5):
 PSYoungGen      total 409600K, used 11168K [0x00000000e0000000, 0x00000000ff700000, 0x0000000100000000)
  eden space 315392K, 0% used [0x00000000e0000000,0x00000000e0000000,0x00000000f3400000)
  from space 94208K, 11% used [0x00000000f9b00000,0x00000000fa5e8040,0x00000000ff700000)
  to   space 99840K, 0% used [0x00000000f3400000,0x00000000f3400000,0x00000000f9580000)
 ParOldGen       total 211456K, used 182456K [0x00000000a0000000, 0x00000000ace80000, 0x00000000e0000000)
  object space 211456K, 86% used [0x00000000a0000000,0x00000000ab22e250,0x00000000ace80000)
 Metaspace       used 95003K, capacity 100654K, committed 100776K, reserved 1136640K
  class space    used 11944K, capacity 12879K, committed 12976K, reserved 1048576K
}

